<?xml version="1.0" encoding="UTF-8"?>
<testsuite xmlns:xsi="http://www.w3.org/2001/XMLSchema-instance" xsi:noNamespaceSchemaLocation="https://maven.apache.org/surefire/maven-surefire-plugin/xsd/surefire-test-report-3.0.xsd" version="3.0" name="com.azure.security.keyvault.jca.implementation.signature.KeyVaultKeylessRsaSignatureTest" time="0.706" tests="2" errors="0" skipped="0" failures="0">
  <properties>
[...]
</properties>
  <testcase name="engineSetParameterWithNotPSSParameterSpecTest" classname="com.azure.security.keyvault.jca.implementation.signature.KeyVaultKeylessRsaSignatureTest" time="0.013"/>
  <testcase name="engineSetParameterWithNullAlgorithmTest" classname="com.azure.security.keyvault.jca.implementation.signature.KeyVaultKeylessRsaSignatureTest" time="0.045"/>
</testsuite>